<?xml version="1.0" encoding="UTF-8"?>
<testsuite name="HostTest" tests="3" time="0.828850574" failures="1" errors="0" skipped="0" assertions="13" timestamp="2020-08-07T11:56:03+00:00">
  <testcase name="test_host_without_compulsory_field" time="0.8491717440010689" assertions="6">
  </testcase>
  <testcase name="test_invalid_fqdn" time="0.3982407340008649" assertions="6">
  </testcase>
  <testcase name="test_valid_record" time="0.39451637800084427" assertions="1">
    <failure type="Minitest::Assertion" message="Can't create with valid params edet.gr: {:fqdn=&gt;[&quot;could not be resolved&quot;]}">
Can't create with valid params edet.gr: {:fqdn=&gt;["could not be resolved"]} (Minitest::Assertion)
/opt/app/access/test/models/host_test.rb:14    </failure>
  </testcase>
</testsuite>
