<?xml version="1.0" encoding="UTF-8"?>
<testsuite name="PersonTest" tests="7" time="0.175927501" failures="0" errors="0" skipped="0" assertions="42" timestamp="2020-08-07T11:56:05+00:00">
  <testcase name="test_person_with_non_latin_name" time="0.06331380800111219" assertions="6">
  </testcase>
  <testcase name="test_person_with_wrong_capitalization_in_name" time="0.0431657629997062" assertions="6">
  </testcase>
  <testcase name="test_valid_record" time="0.0072102970007108524" assertions="1">
  </testcase>
  <testcase name="test_person_with_existent_email" time="0.01611745500122197" assertions="4">
  </testcase>
  <testcase name="test_person_with_invalid_phone" time="0.023303157999180257" assertions="3">
  </testcase>
  <testcase name="test_person_with_invalid_email" time="0.026784596000652527" assertions="8">
  </testcase>
  <testcase name="test_person_without_compulsory_field" time="0.05297012599839945" assertions="14">
  </testcase>
</testsuite>
