<?xml version="1.0" encoding="UTF-8"?>
<testsuite name="CertificateTest" tests="5" time="0.219018988" failures="0" errors="0" skipped="0" assertions="17" timestamp="2020-08-07T11:56:05+00:00">
  <testcase name="test_person_with_valid_certificate" time="0.04166743099995074" assertions="1">
  </testcase>
  <testcase name="test_invalid_body" time="0.0668576239986578" assertions="3">
  </testcase>
  <testcase name="test_without_compulsory_field" time="0.11999700500018662" assertions="10">
  </testcase>
  <testcase name="test_valid_record" time="0.02458239100087667" assertions="1">
  </testcase>
  <testcase name="test_with_invalid_status" time="0.0069793410002603196" assertions="2">
  </testcase>
</testsuite>
