<?xml version="1.0" encoding="UTF-8"?>
<testsuite name="CertificateRequestTest" tests="5" time="0.104711913" failures="0" errors="0" skipped="0" assertions="21" timestamp="2020-08-07T11:56:02+00:00">
  <testcase name="test_valid_record" time="0.16242489000069327" assertions="1">
  </testcase>
  <testcase name="test_without_compulsory_field" time="0.07170966999910888" assertions="14">
  </testcase>
  <testcase name="test_uniqueness_of_uuid" time="0.006608474002860021" assertions="2">
  </testcase>
  <testcase name="test_with_invalid_csr_type" time="0.00605369999902905" assertions="2">
  </testcase>
  <testcase name="test_with_invalid_status" time="0.0061423599981935695" assertions="2">
  </testcase>
</testsuite>
